<?xml version="1.0" encoding="utf-8"?><testsuites name="pytest tests"><testsuite name="pytest" errors="0" failures="0" skipped="0" tests="28" time="59.594" timestamp="2026-07-27T03:59:11.933373+03:00" hostname="330133.fornex.cloud"><testcase classname="tests.e2e.test_u13_registration" name="test_reg_form_accessible[Internet-https://fb1.spb.ru:443-chromium]" time="1.366" /><testcase classname="tests.e2e.test_u13_registration" name="test_reg_form_accessible[Internet-https://fb1.spb.ru:443-firefox]" time="2.342" /><testcase classname="tests.e2e.test_u13_registration" name="test_reg_form_accessible[Test Zone-http://10.129.13.78:30080-chromium]" time="1.290" /><testcase classname="tests.e2e.test_u13_registration" name="test_reg_form_accessible[Test Zone-http://10.129.13.78:30080-firefox]" time="2.435" /><testcase classname="tests.e2e.test_u13_registration" name="test_reg_invalid_invite_ui[Internet-https://fb1.spb.ru:443]" time="3.497" /><testcase classname="tests.e2e.test_u13_registration" name="test_reg_invalid_invite_ui[Test Zone-http://10.129.13.78:30080]" time="3.365" /><testcase classname="tests.e2e.test_u13_registration" name="test_reg_successful_ui[Internet-https://fb1.spb.ru:443]" time="4.427" /><testcase classname="tests.e2e.test_u13_registration" name="test_reg_successful_ui[Test Zone-http://10.129.13.78:30080]" time="4.400" /><testcase classname="tests.e2e.test_u13_registration" name="test_reg_post_login_ui[Internet-https://fb1.spb.ru:443]" time="6.791" /><testcase classname="tests.e2e.test_u13_registration" name="test_reg_post_login_ui[Test Zone-http://10.129.13.78:30080]" time="6.896" /><testcase classname="tests.e2e.test_u13_registration" name="test_reg_duplicate_username_ui[Internet-https://fb1.spb.ru:443]" time="9.219" /><testcase classname="tests.e2e.test_u13_registration" name="test_reg_duplicate_username_ui[Test Zone-http://10.129.13.78:30080]" time="9.160" /><testcase classname="tests.e2e.test_u13_registration" name="test_api_invalid_username_short[Internet-https://fb1.spb.ru:443]" time="0.126" /><testcase classname="tests.e2e.test_u13_registration" name="test_api_invalid_username_short[Test Zone-http://10.129.13.78:30080]" time="0.110" /><testcase classname="tests.e2e.test_u13_registration" name="test_api_invalid_username_chars[Internet-https://fb1.spb.ru:443]" time="0.121" /><testcase classname="tests.e2e.test_u13_registration" name="test_api_invalid_username_chars[Test Zone-http://10.129.13.78:30080]" time="0.111" /><testcase classname="tests.e2e.test_u13_registration" name="test_api_reserved_username[Internet-https://fb1.spb.ru:443]" time="0.377" /><testcase classname="tests.e2e.test_u13_registration" name="test_api_reserved_username[Test Zone-http://10.129.13.78:30080]" time="0.330" /><testcase classname="tests.e2e.test_u13_registration" name="test_api_password_short[Internet-https://fb1.spb.ru:443]" time="0.122" /><testcase classname="tests.e2e.test_u13_registration" name="test_api_password_short[Test Zone-http://10.129.13.78:30080]" time="0.112" /><testcase classname="tests.e2e.test_u13_registration" name="test_api_password_mismatch[Internet-https://fb1.spb.ru:443]" time="0.133" /><testcase classname="tests.e2e.test_u13_registration" name="test_api_password_mismatch[Test Zone-http://10.129.13.78:30080]" time="0.112" /><testcase classname="tests.e2e.test_u13_registration" name="test_api_password_equals_username[Internet-https://fb1.spb.ru:443]" time="0.121" /><testcase classname="tests.e2e.test_u13_registration" name="test_api_password_equals_username[Test Zone-http://10.129.13.78:30080]" time="0.112" /><testcase classname="tests.e2e.test_u13_registration" name="test_api_invalid_invite[Internet-https://fb1.spb.ru:443]" time="0.125" /><testcase classname="tests.e2e.test_u13_registration" name="test_api_invalid_invite[Test Zone-http://10.129.13.78:30080]" time="0.113" /><testcase classname="tests.e2e.test_u13_registration" name="test_api_successful_registration[Internet-https://fb1.spb.ru:443]" time="1.147" /><testcase classname="tests.e2e.test_u13_registration" name="test_api_successful_registration[Test Zone-http://10.129.13.78:30080]" time="1.089" /></testsuite></testsuites>