<?xml version="1.0" encoding="utf-8"?><testsuites name="pytest tests"><testsuite name="pytest" errors="0" failures="1" skipped="0" tests="38" time="304.243" timestamp="2026-07-27T02:56:56.673782+03:00" hostname="330133.fornex.cloud"><testcase classname="tests.e2e.test_r3_identities.TestBETA01" name="test_full_scenario[Internet-https://fb1.spb.ru:443-chromium]" time="16.394"><failure message="AssertionError: Locator expected to be visible&#10;Actual value: hidden &#10;Call log:&#10;  - Expect &quot;to_be_visible&quot; with timeout 15000ms&#10;  - waiting for locator(&quot;#page-dashboard&quot;)&#10;    34 × locator resolved to &lt;div class=&quot;page&quot; id=&quot;page-dashboard&quot;&gt;…&lt;/div&gt;&#10;       - unexpected value &quot;hidden&quot;&#10;&#10;Aria snapshot:&#10;- heading &quot;✦ Aither&quot; [level=1]&#10;- paragraph: AI Platform — Closed Beta&#10;- text: Too many login attempts. Try again later. Имя пользователя&#10;- textbox &quot;Имя пользователя&quot;: beta01&#10;- text: Пароль&#10;- textbox &quot;Пароль&quot;: [REDACTED]&#10;- button &quot;Войти&quot;&#10;- button &quot;📝 Регистрация&quot;&#10;- paragraph: Версия 2.0 — CB-WEBUI-01&#10;- paragraph: Требуется учётная запись или приглашение.">E   AssertionError: Locator expected to be visible
    Actual value: hidden 
    Call log:
      - Expect "to_be_visible" with timeout 15000ms
      - waiting for locator("#page-dashboard")
        34 × locator resolved to &lt;div class="page" id="page-dashboard"&gt;…&lt;/div&gt;
           - unexpected value "hidden"
    
    Aria snapshot:
    - heading "✦ Aither" [level=1]
    - paragraph: AI Platform — Closed Beta
    - text: Too many login attempts. Try again later. Имя пользователя
    - textbox "Имя пользователя": beta01
    - text: Пароль
    - textbox "Пароль": [REDACTED]
    - button "Войти"
    - button "📝 Регистрация"
    - paragraph: Версия 2.0 — CB-WEBUI-01
    - paragraph: Требуется учётная запись или приглашение.</failure></testcase><testcase classname="tests.e2e.test_r3_identities.TestBETA01" name="test_full_scenario[Internet-https://fb1.spb.ru:443-firefox]" time="25.952" /><testcase classname="tests.e2e.test_r3_identities.TestBETA01" name="test_full_scenario[Test Zone-http://10.129.13.78:30080-chromium]" time="23.241" /><testcase classname="tests.e2e.test_r3_identities.TestBETA01" name="test_full_scenario[Test Zone-http://10.129.13.78:30080-firefox]" time="25.237" /><testcase classname="tests.e2e.test_r3_identities.TestBETA02" name="test_isolation[Internet-https://fb1.spb.ru:443]" time="9.776" /><testcase classname="tests.e2e.test_r3_identities.TestBETA02" name="test_isolation[Test Zone-http://10.129.13.78:30080]" time="9.133" /><testcase classname="tests.e2e.test_r3_identities.TestOWNER01" name="test_rbac[Internet-https://fb1.spb.ru:443]" time="4.205" /><testcase classname="tests.e2e.test_r3_identities.TestOWNER01" name="test_rbac[Test Zone-http://10.129.13.78:30080]" time="3.894" /><testcase classname="tests.e2e.test_r3_identities.TestAgent" name="test_agent_api[Internet-https://fb1.spb.ru:443]" time="4.488" /><testcase classname="tests.e2e.test_r3_identities.TestAgent" name="test_agent_api[Test Zone-http://10.129.13.78:30080]" time="4.463" /><testcase classname="tests.e2e.test_u13_complete_webui.TestChat" name="test_chat_model_a[Internet-https://fb1.spb.ru:443-chromium]" time="3.805" /><testcase classname="tests.e2e.test_u13_complete_webui.TestChat" name="test_chat_model_a[Internet-https://fb1.spb.ru:443-firefox]" time="4.906" /><testcase classname="tests.e2e.test_u13_complete_webui.TestChat" name="test_chat_model_a[Test Zone-http://10.129.13.78:30080-chromium]" time="3.789" /><testcase classname="tests.e2e.test_u13_complete_webui.TestChat" name="test_chat_model_a[Test Zone-http://10.129.13.78:30080-firefox]" time="4.913" /><testcase classname="tests.e2e.test_u13_complete_webui.TestChat" name="test_chat_model_b[Internet-https://fb1.spb.ru:443-chromium]" time="3.821" /><testcase classname="tests.e2e.test_u13_complete_webui.TestChat" name="test_chat_model_b[Internet-https://fb1.spb.ru:443-firefox]" time="5.054" /><testcase classname="tests.e2e.test_u13_complete_webui.TestChat" name="test_chat_model_b[Test Zone-http://10.129.13.78:30080-chromium]" time="3.815" /><testcase classname="tests.e2e.test_u13_complete_webui.TestChat" name="test_chat_model_b[Test Zone-http://10.129.13.78:30080-firefox]" time="5.092" /><testcase classname="tests.e2e.test_u13_complete_webui.TestChat" name="test_model_switch[Internet-https://fb1.spb.ru:443-chromium]" time="19.396" /><testcase classname="tests.e2e.test_u13_complete_webui.TestChat" name="test_model_switch[Internet-https://fb1.spb.ru:443-firefox]" time="20.218" /><testcase classname="tests.e2e.test_u13_complete_webui.TestChat" name="test_model_switch[Test Zone-http://10.129.13.78:30080-chromium]" time="19.442" /><testcase classname="tests.e2e.test_u13_complete_webui.TestChat" name="test_model_switch[Test Zone-http://10.129.13.78:30080-firefox]" time="20.426" /><testcase classname="tests.e2e.test_u13_complete_webui.TestApiKeys" name="test_key_a_creation[Internet-https://fb1.spb.ru:443]" time="7.470" /><testcase classname="tests.e2e.test_u13_complete_webui.TestApiKeys" name="test_key_a_creation[Test Zone-http://10.129.13.78:30080]" time="7.388" /><testcase classname="tests.e2e.test_u13_complete_webui.TestApiKeys" name="test_key_b_creation[Internet-https://fb1.spb.ru:443]" time="4.674" /><testcase classname="tests.e2e.test_u13_complete_webui.TestApiKeys" name="test_key_b_creation[Test Zone-http://10.129.13.78:30080]" time="4.491" /><testcase classname="tests.e2e.test_u13_complete_webui.TestApiKeys" name="test_one_time_secret" time="7.554" /><testcase classname="tests.e2e.test_u13_complete_webui.TestApiKeys" name="test_revoke_denial" time="4.523" /><testcase classname="tests.e2e.test_u13_complete_webui.TestAgent" name="test_agent_model_a[Internet-https://fb1.spb.ru:443]" time="3.637" /><testcase classname="tests.e2e.test_u13_complete_webui.TestAgent" name="test_agent_model_a[Test Zone-http://10.129.13.78:30080]" time="3.553" /><testcase classname="tests.e2e.test_u13_complete_webui.TestAgent" name="test_agent_model_b[Internet-https://fb1.spb.ru:443]" time="1.828" /><testcase classname="tests.e2e.test_u13_complete_webui.TestAgent" name="test_agent_model_b[Test Zone-http://10.129.13.78:30080]" time="1.719" /><testcase classname="tests.e2e.test_u13_complete_webui.TestAgent" name="test_agent_revoked_denial[Internet-https://fb1.spb.ru:443]" time="1.501" /><testcase classname="tests.e2e.test_u13_complete_webui.TestAgent" name="test_agent_revoked_denial[Test Zone-http://10.129.13.78:30080]" time="1.409" /><testcase classname="tests.e2e.test_u13_complete_webui.TestUISanity" name="test_agent_page_accessible[Internet-https://fb1.spb.ru:443]" time="3.805" /><testcase classname="tests.e2e.test_u13_complete_webui.TestUISanity" name="test_agent_page_accessible[Test Zone-http://10.129.13.78:30080]" time="3.783" /><testcase classname="tests.e2e.test_u13_complete_webui.TestUISanity" name="test_dashboard_populated[Internet-https://fb1.spb.ru:443]" time="2.699" /><testcase classname="tests.e2e.test_u13_complete_webui.TestUISanity" name="test_dashboard_populated[Test Zone-http://10.129.13.78:30080]" time="2.697" /></testsuite></testsuites>