<?xml version="1.0" encoding="utf-8"?><testsuites name="pytest tests"><testsuite name="pytest" errors="0" failures="0" skipped="0" tests="10" time="229.067" timestamp="2026-07-26T01:01:46.827203+03:00" hostname="330133.fornex.cloud"><testcase classname="tests.e2e.test_r3_identities.TestBETA01" name="test_full_scenario[Internet-https://fb1.spb.ru:443-chromium]" time="53.508" /><testcase classname="tests.e2e.test_r3_identities.TestBETA01" name="test_full_scenario[Internet-https://fb1.spb.ru:443-firefox]" time="55.164" /><testcase classname="tests.e2e.test_r3_identities.TestBETA01" name="test_full_scenario[Test Zone-http://10.129.13.78:30080-chromium]" time="17.267" /><testcase classname="tests.e2e.test_r3_identities.TestBETA01" name="test_full_scenario[Test Zone-http://10.129.13.78:30080-firefox]" time="19.823" /><testcase classname="tests.e2e.test_r3_identities.TestBETA02" name="test_isolation[Internet-https://fb1.spb.ru:443]" time="14.665" /><testcase classname="tests.e2e.test_r3_identities.TestBETA02" name="test_isolation[Test Zone-http://10.129.13.78:30080]" time="9.072" /><testcase classname="tests.e2e.test_r3_identities.TestOWNER01" name="test_rbac[Internet-https://fb1.spb.ru:443]" time="10.481" /><testcase classname="tests.e2e.test_r3_identities.TestOWNER01" name="test_rbac[Test Zone-http://10.129.13.78:30080]" time="5.243" /><testcase classname="tests.e2e.test_r3_identities.TestAgent" name="test_agent_api[Internet-https://fb1.spb.ru:443]" time="39.555" /><testcase classname="tests.e2e.test_r3_identities.TestAgent" name="test_agent_api[Test Zone-http://10.129.13.78:30080]" time="4.267" /></testsuite></testsuites>