<?xml version="1.0" encoding="utf-8"?><testsuites name="pytest tests"><testsuite name="pytest" errors="0" failures="0" skipped="0" tests="13" time="10.180" timestamp="2026-07-26T08:56:19.422864+03:00" hostname="330133.fornex.cloud"><testcase classname="tests.ops.test_http_availability_probe.TestGenerateSummary" name="test_all_200_pass" time="0.001" /><testcase classname="tests.ops.test_http_availability_probe.TestGenerateSummary" name="test_http_500_fail" time="0.000" /><testcase classname="tests.ops.test_http_availability_probe.TestGenerateSummary" name="test_dns_failure_fail" time="0.000" /><testcase classname="tests.ops.test_http_availability_probe.TestGenerateSummary" name="test_connection_failure_fail" time="0.000" /><testcase classname="tests.ops.test_http_availability_probe.TestGenerateSummary" name="test_timeout_fail" time="0.000" /><testcase classname="tests.ops.test_http_availability_probe.TestGenerateSummary" name="test_tls_failure_fail" time="0.000" /><testcase classname="tests.ops.test_http_availability_probe.TestGenerateSummary" name="test_missing_probe_enforced" time="0.000" /><testcase classname="tests.ops.test_http_availability_probe.TestGenerateSummary" name="test_empty_results" time="0.000" /><testcase classname="tests.ops.test_http_availability_probe.TestGenerateSummary" name="test_result_sorting_maintains_order" time="0.000" /><testcase classname="tests.ops.test_http_availability_probe.TestIntervalCalculation" name="test_intervals_in_range" time="0.000" /><testcase classname="tests.ops.test_http_availability_probe.TestProbeSingle" name="test_http_200_response" time="0.115" /><testcase classname="tests.ops.test_http_availability_probe.TestProbeSingle" name="test_connection_refused" time="0.001" /><testcase classname="tests.ops.test_http_availability_probe.TestProbeSingle" name="test_invalid_host_dns_failure" time="10.035" /></testsuite></testsuites>