<?xml version="1.0" encoding="utf-8"?><testsuites name="pytest tests"><testsuite name="pytest" errors="0" failures="1" skipped="0" tests="31" time="38.418" timestamp="2026-07-27T04:45:52.832209+03:00" hostname="330133.fornex.cloud"><testcase classname="tests.e2e.test_u13_registration_corrective" name="test_01_valid_registration" time="1.155" /><testcase classname="tests.e2e.test_u13_registration_corrective" name="test_02_invalid_invite" time="0.122" /><testcase classname="tests.e2e.test_u13_registration_corrective" name="test_03_expired_invite" time="1.116" /><testcase classname="tests.e2e.test_u13_registration_corrective" name="test_04_revoked_invite" time="1.124" /><testcase classname="tests.e2e.test_u13_registration_corrective" name="test_05_used_invite" time="1.163" /><testcase classname="tests.e2e.test_u13_registration_corrective" name="test_06_duplicate_username" time="1.267" /><testcase classname="tests.e2e.test_u13_registration_corrective" name="test_07_case_normalized_duplicate" time="0.130"><failure message="assert 409 == 200&#10; +  where 409 = &lt;Response [409]&gt;.status_code">E   assert 409 == 200
     +  where 409 = &lt;Response [409]&gt;.status_code</failure></testcase><testcase classname="tests.e2e.test_u13_registration_corrective" name="test_08_reserved_username[admin]" time="0.129" /><testcase classname="tests.e2e.test_u13_registration_corrective" name="test_08_reserved_username[root]" time="0.128" /><testcase classname="tests.e2e.test_u13_registration_corrective" name="test_08_reserved_username[system]" time="0.126" /><testcase classname="tests.e2e.test_u13_registration_corrective" name="test_08_reserved_username[administrator]" time="0.123" /><testcase classname="tests.e2e.test_u13_registration_corrective" name="test_09_password_mismatch" time="0.120" /><testcase classname="tests.e2e.test_u13_registration_corrective" name="test_10_weak_password" time="0.253" /><testcase classname="tests.e2e.test_u13_registration_corrective" name="test_11_argon2id_verification" time="3.379" /><testcase classname="tests.e2e.test_u13_registration_corrective" name="test_12_same_invite_concurrency" time="1.160" /><testcase classname="tests.e2e.test_u13_registration_corrective" name="test_13_same_username_concurrency" time="1.179" /><testcase classname="tests.e2e.test_u13_registration_corrective" name="test_14_atomic_expiry_race" time="1.153" /><testcase classname="tests.e2e.test_u13_registration_corrective" name="test_15_cross_zone" time="1.258" /><testcase classname="tests.e2e.test_u13_registration_corrective" name="test_16_cross_replica" time="1.747" /><testcase classname="tests.e2e.test_u13_registration_corrective" name="test_17_invite_scope_enforcement" time="1.170" /><testcase classname="tests.e2e.test_u13_registration_corrective" name="test_18_forbidden_model_denial" time="1.299" /><testcase classname="tests.e2e.test_u13_registration_corrective" name="test_19_secure_cookie" time="2.165" /><testcase classname="tests.e2e.test_u13_registration_corrective" name="test_20_server_side_logout" time="1.541" /><testcase classname="tests.e2e.test_u13_registration_corrective" name="test_21_disabled_user_session_denial" time="1.392" /><testcase classname="tests.e2e.test_u13_registration_corrective" name="test_22_redis_unavailable" time="1.238" /><testcase classname="tests.e2e.test_u13_registration_corrective" name="test_23_rate_limit_positive" time="1.895" /><testcase classname="tests.e2e.test_u13_registration_corrective" name="test_24_rate_limit_negative" time="1.135" /><testcase classname="tests.e2e.test_u13_registration_corrective" name="test_25_restart_persistence" time="3.417" /><testcase classname="tests.e2e.test_u13_registration_corrective" name="test_26_used_invite_persistence" time="2.103" /><testcase classname="tests.e2e.test_u13_registration_corrective" name="test_27_own_token_list_revoke" time="1.542" /><testcase classname="tests.e2e.test_u13_registration_corrective" name="test_28_foreign_token_list_revoke_denial" time="2.618" /></testsuite></testsuites>