<?xml version="1.0" encoding="utf-8"?><testsuites name="pytest tests"><testsuite name="pytest" errors="0" failures="0" skipped="0" tests="4" time="24.067" timestamp="2026-07-26T07:16:24.839540+03:00" hostname="330133.fornex.cloud"><testcase classname="tests.e2e.test_u13_complete_webui.TestChat" name="test_model_switch[Internet-https://fb1.spb.ru:443-chromium]" time="8.229" /><testcase classname="tests.e2e.test_u13_complete_webui.TestChat" name="test_model_switch[Internet-https://fb1.spb.ru:443-firefox]" time="9.246" /><testcase classname="tests.e2e.test_u13_complete_webui.TestChat" name="test_model_switch[Test Zone-http://10.129.13.78:30080-chromium]" time="2.661" /><testcase classname="tests.e2e.test_u13_complete_webui.TestChat" name="test_model_switch[Test Zone-http://10.129.13.78:30080-firefox]" time="3.900" /></testsuite></testsuites>