<?xml version="1.0" encoding="utf-8"?><testsuites name="pytest tests"><testsuite name="pytest" errors="0" failures="0" skipped="0" tests="10" time="111.550" timestamp="2026-07-26T08:14:37.497653+03:00" hostname="330133.fornex.cloud"><testcase classname="tests.e2e.test_r3_identities.TestBETA01" name="test_full_scenario[Internet-https://fb1.spb.ru:443-chromium]" time="18.479" /><testcase classname="tests.e2e.test_r3_identities.TestBETA01" name="test_full_scenario[Internet-https://fb1.spb.ru:443-firefox]" time="21.982" /><testcase classname="tests.e2e.test_r3_identities.TestBETA01" name="test_full_scenario[Test Zone-http://10.129.13.78:30080-chromium]" time="17.283" /><testcase classname="tests.e2e.test_r3_identities.TestBETA01" name="test_full_scenario[Test Zone-http://10.129.13.78:30080-firefox]" time="20.444" /><testcase classname="tests.e2e.test_r3_identities.TestBETA02" name="test_isolation[Internet-https://fb1.spb.ru:443]" time="8.654" /><testcase classname="tests.e2e.test_r3_identities.TestBETA02" name="test_isolation[Test Zone-http://10.129.13.78:30080]" time="8.198" /><testcase classname="tests.e2e.test_r3_identities.TestOWNER01" name="test_rbac[Internet-https://fb1.spb.ru:443]" time="4.687" /><testcase classname="tests.e2e.test_r3_identities.TestOWNER01" name="test_rbac[Test Zone-http://10.129.13.78:30080]" time="4.606" /><testcase classname="tests.e2e.test_r3_identities.TestAgent" name="test_agent_api[Internet-https://fb1.spb.ru:443]" time="3.634" /><testcase classname="tests.e2e.test_r3_identities.TestAgent" name="test_agent_api[Test Zone-http://10.129.13.78:30080]" time="3.554" /></testsuite></testsuites>