<?xml version="1.0" encoding="utf-8"?><testsuites name="pytest tests"><testsuite name="pytest" errors="0" failures="0" skipped="0" tests="28" time="180.312" timestamp="2026-07-26T07:20:54.969850+03:00" hostname="330133.fornex.cloud"><testcase classname="tests.e2e.test_u13_complete_webui.TestChat" name="test_chat_model_a[Internet-https://fb1.spb.ru:443-chromium]" time="7.779" /><testcase classname="tests.e2e.test_u13_complete_webui.TestChat" name="test_chat_model_a[Internet-https://fb1.spb.ru:443-firefox]" time="8.840" /><testcase classname="tests.e2e.test_u13_complete_webui.TestChat" name="test_chat_model_a[Test Zone-http://10.129.13.78:30080-chromium]" time="2.645" /><testcase classname="tests.e2e.test_u13_complete_webui.TestChat" name="test_chat_model_a[Test Zone-http://10.129.13.78:30080-firefox]" time="3.855" /><testcase classname="tests.e2e.test_u13_complete_webui.TestChat" name="test_chat_model_b[Internet-https://fb1.spb.ru:443-chromium]" time="7.669" /><testcase classname="tests.e2e.test_u13_complete_webui.TestChat" name="test_chat_model_b[Internet-https://fb1.spb.ru:443-firefox]" time="8.765" /><testcase classname="tests.e2e.test_u13_complete_webui.TestChat" name="test_chat_model_b[Test Zone-http://10.129.13.78:30080-chromium]" time="2.589" /><testcase classname="tests.e2e.test_u13_complete_webui.TestChat" name="test_chat_model_b[Test Zone-http://10.129.13.78:30080-firefox]" time="3.839" /><testcase classname="tests.e2e.test_u13_complete_webui.TestChat" name="test_model_switch[Internet-https://fb1.spb.ru:443-chromium]" time="7.958" /><testcase classname="tests.e2e.test_u13_complete_webui.TestChat" name="test_model_switch[Internet-https://fb1.spb.ru:443-firefox]" time="8.936" /><testcase classname="tests.e2e.test_u13_complete_webui.TestChat" name="test_model_switch[Test Zone-http://10.129.13.78:30080-chromium]" time="2.595" /><testcase classname="tests.e2e.test_u13_complete_webui.TestChat" name="test_model_switch[Test Zone-http://10.129.13.78:30080-firefox]" time="3.896" /><testcase classname="tests.e2e.test_u13_complete_webui.TestApiKeys" name="test_key_a_creation[Internet-https://fb1.spb.ru:443]" time="26.762" /><testcase classname="tests.e2e.test_u13_complete_webui.TestApiKeys" name="test_key_a_creation[Test Zone-http://10.129.13.78:30080]" time="6.890" /><testcase classname="tests.e2e.test_u13_complete_webui.TestApiKeys" name="test_key_b_creation[Internet-https://fb1.spb.ru:443]" time="24.235" /><testcase classname="tests.e2e.test_u13_complete_webui.TestApiKeys" name="test_key_b_creation[Test Zone-http://10.129.13.78:30080]" time="4.400" /><testcase classname="tests.e2e.test_u13_complete_webui.TestApiKeys" name="test_one_time_secret" time="22.292" /><testcase classname="tests.e2e.test_u13_complete_webui.TestApiKeys" name="test_revoke_denial" time="8.925" /><testcase classname="tests.e2e.test_u13_complete_webui.TestAgent" name="test_agent_model_a[Internet-https://fb1.spb.ru:443]" time="3.733" /><testcase classname="tests.e2e.test_u13_complete_webui.TestAgent" name="test_agent_model_a[Test Zone-http://10.129.13.78:30080]" time="2.674" /><testcase classname="tests.e2e.test_u13_complete_webui.TestAgent" name="test_agent_model_b[Internet-https://fb1.spb.ru:443]" time="0.855" /><testcase classname="tests.e2e.test_u13_complete_webui.TestAgent" name="test_agent_model_b[Test Zone-http://10.129.13.78:30080]" time="0.826" /><testcase classname="tests.e2e.test_u13_complete_webui.TestAgent" name="test_agent_revoked_denial[Internet-https://fb1.spb.ru:443]" time="0.546" /><testcase classname="tests.e2e.test_u13_complete_webui.TestAgent" name="test_agent_revoked_denial[Test Zone-http://10.129.13.78:30080]" time="0.473" /><testcase classname="tests.e2e.test_u13_complete_webui.TestUISanity" name="test_agent_page_accessible[Internet-https://fb1.spb.ru:443]" time="2.667" /><testcase classname="tests.e2e.test_u13_complete_webui.TestUISanity" name="test_agent_page_accessible[Test Zone-http://10.129.13.78:30080]" time="2.531" /><testcase classname="tests.e2e.test_u13_complete_webui.TestUISanity" name="test_dashboard_populated[Internet-https://fb1.spb.ru:443]" time="1.600" /><testcase classname="tests.e2e.test_u13_complete_webui.TestUISanity" name="test_dashboard_populated[Test Zone-http://10.129.13.78:30080]" time="1.487" /></testsuite></testsuites>