<?xml version="1.0" encoding="utf-8"?><testsuites name="pytest tests"><testsuite name="pytest" errors="0" failures="0" skipped="0" tests="28" time="97.880" timestamp="2026-07-26T10:57:31.163505+03:00" hostname="330133.fornex.cloud"><testcase classname="tests.e2e.test_u13_complete_webui.TestChat" name="test_chat_model_a[Internet-https://fb1.spb.ru:443-chromium]" time="3.080" /><testcase classname="tests.e2e.test_u13_complete_webui.TestChat" name="test_chat_model_a[Internet-https://fb1.spb.ru:443-firefox]" time="3.777" /><testcase classname="tests.e2e.test_u13_complete_webui.TestChat" name="test_chat_model_a[Test Zone-http://10.129.13.78:30080-chromium]" time="2.502" /><testcase classname="tests.e2e.test_u13_complete_webui.TestChat" name="test_chat_model_a[Test Zone-http://10.129.13.78:30080-firefox]" time="3.608" /><testcase classname="tests.e2e.test_u13_complete_webui.TestChat" name="test_chat_model_b[Internet-https://fb1.spb.ru:443-chromium]" time="2.740" /><testcase classname="tests.e2e.test_u13_complete_webui.TestChat" name="test_chat_model_b[Internet-https://fb1.spb.ru:443-firefox]" time="3.848" /><testcase classname="tests.e2e.test_u13_complete_webui.TestChat" name="test_chat_model_b[Test Zone-http://10.129.13.78:30080-chromium]" time="2.537" /><testcase classname="tests.e2e.test_u13_complete_webui.TestChat" name="test_chat_model_b[Test Zone-http://10.129.13.78:30080-firefox]" time="4.008" /><testcase classname="tests.e2e.test_u13_complete_webui.TestChat" name="test_model_switch[Internet-https://fb1.spb.ru:443-chromium]" time="2.792" /><testcase classname="tests.e2e.test_u13_complete_webui.TestChat" name="test_model_switch[Internet-https://fb1.spb.ru:443-firefox]" time="4.075" /><testcase classname="tests.e2e.test_u13_complete_webui.TestChat" name="test_model_switch[Test Zone-http://10.129.13.78:30080-chromium]" time="2.589" /><testcase classname="tests.e2e.test_u13_complete_webui.TestChat" name="test_model_switch[Test Zone-http://10.129.13.78:30080-firefox]" time="3.776" /><testcase classname="tests.e2e.test_u13_complete_webui.TestApiKeys" name="test_key_a_creation[Internet-https://fb1.spb.ru:443]" time="8.019" /><testcase classname="tests.e2e.test_u13_complete_webui.TestApiKeys" name="test_key_a_creation[Test Zone-http://10.129.13.78:30080]" time="9.912" /><testcase classname="tests.e2e.test_u13_complete_webui.TestApiKeys" name="test_key_b_creation[Internet-https://fb1.spb.ru:443]" time="4.747" /><testcase classname="tests.e2e.test_u13_complete_webui.TestApiKeys" name="test_key_b_creation[Test Zone-http://10.129.13.78:30080]" time="5.802" /><testcase classname="tests.e2e.test_u13_complete_webui.TestApiKeys" name="test_one_time_secret" time="8.290" /><testcase classname="tests.e2e.test_u13_complete_webui.TestApiKeys" name="test_revoke_denial" time="4.971" /><testcase classname="tests.e2e.test_u13_complete_webui.TestAgent" name="test_agent_model_a[Internet-https://fb1.spb.ru:443]" time="2.921" /><testcase classname="tests.e2e.test_u13_complete_webui.TestAgent" name="test_agent_model_a[Test Zone-http://10.129.13.78:30080]" time="2.645" /><testcase classname="tests.e2e.test_u13_complete_webui.TestAgent" name="test_agent_model_b[Internet-https://fb1.spb.ru:443]" time="0.965" /><testcase classname="tests.e2e.test_u13_complete_webui.TestAgent" name="test_agent_model_b[Test Zone-http://10.129.13.78:30080]" time="0.741" /><testcase classname="tests.e2e.test_u13_complete_webui.TestAgent" name="test_agent_revoked_denial[Internet-https://fb1.spb.ru:443]" time="0.571" /><testcase classname="tests.e2e.test_u13_complete_webui.TestAgent" name="test_agent_revoked_denial[Test Zone-http://10.129.13.78:30080]" time="0.702" /><testcase classname="tests.e2e.test_u13_complete_webui.TestUISanity" name="test_agent_page_accessible[Internet-https://fb1.spb.ru:443]" time="2.576" /><testcase classname="tests.e2e.test_u13_complete_webui.TestUISanity" name="test_agent_page_accessible[Test Zone-http://10.129.13.78:30080]" time="2.628" /><testcase classname="tests.e2e.test_u13_complete_webui.TestUISanity" name="test_dashboard_populated[Internet-https://fb1.spb.ru:443]" time="1.562" /><testcase classname="tests.e2e.test_u13_complete_webui.TestUISanity" name="test_dashboard_populated[Test Zone-http://10.129.13.78:30080]" time="1.449" /></testsuite></testsuites>