<?xml version="1.0" encoding="utf-8"?><testsuites name="pytest tests"><testsuite name="pytest" errors="0" failures="0" skipped="0" tests="35" time="50.647" timestamp="2026-07-27T06:14:33.251622+03:00" hostname="330133.fornex.cloud"><testcase classname="tests.e2e.test_u13_registration_corrective" name="test_01_valid_registration" time="1.104" /><testcase classname="tests.e2e.test_u13_registration_corrective" name="test_02_invalid_invite" time="0.132" /><testcase classname="tests.e2e.test_u13_registration_corrective" name="test_03_expired_invite" time="1.142" /><testcase classname="tests.e2e.test_u13_registration_corrective" name="test_04_revoked_invite" time="1.125" /><testcase classname="tests.e2e.test_u13_registration_corrective" name="test_05_used_invite" time="1.137" /><testcase classname="tests.e2e.test_u13_registration_corrective" name="test_06_duplicate_username" time="1.283" /><testcase classname="tests.e2e.test_u13_registration_corrective" name="test_07_case_normalized_duplicate" time="1.280" /><testcase classname="tests.e2e.test_u13_registration_corrective" name="test_08_reserved_username[admin]" time="0.122" /><testcase classname="tests.e2e.test_u13_registration_corrective" name="test_08_reserved_username[root]" time="0.132" /><testcase classname="tests.e2e.test_u13_registration_corrective" name="test_08_reserved_username[system]" time="0.133" /><testcase classname="tests.e2e.test_u13_registration_corrective" name="test_08_reserved_username[administrator]" time="0.131" /><testcase classname="tests.e2e.test_u13_registration_corrective" name="test_09_password_mismatch" time="0.126" /><testcase classname="tests.e2e.test_u13_registration_corrective" name="test_10_weak_password" time="0.134" /><testcase classname="tests.e2e.test_u13_registration_corrective" name="test_11_argon2id_verification" time="3.408" /><testcase classname="tests.e2e.test_u13_registration_corrective" name="test_12_same_invite_concurrency" time="2.267" /><testcase classname="tests.e2e.test_u13_registration_corrective" name="test_13_same_username_concurrency" time="1.130" /><testcase classname="tests.e2e.test_u13_registration_corrective" name="test_14_atomic_expiry_race" time="1.161" /><testcase classname="tests.e2e.test_u13_registration_corrective" name="test_15_cross_zone" time="2.234" /><testcase classname="tests.e2e.test_u13_registration_corrective" name="test_16_cross_replica" time="1.776" /><testcase classname="tests.e2e.test_u13_registration_corrective" name="test_17_invite_scope_enforcement" time="1.088" /><testcase classname="tests.e2e.test_u13_registration_corrective" name="test_18_forbidden_model_denial_chat" time="1.267" /><testcase classname="tests.e2e.test_u13_registration_corrective" name="test_19_forbidden_model_denial_completions" time="1.293" /><testcase classname="tests.e2e.test_u13_registration_corrective" name="test_20_secure_cookie" time="1.128" /><testcase classname="tests.e2e.test_u13_registration_corrective" name="test_21_server_side_logout" time="1.491" /><testcase classname="tests.e2e.test_u13_registration_corrective" name="test_22_disabled_user_session_denial" time="2.400" /><testcase classname="tests.e2e.test_u13_registration_corrective" name="test_23_disabled_user_api_token_denial" time="2.492" /><testcase classname="tests.e2e.test_u13_registration_corrective" name="test_24_blocked_user_denial" time="2.572" /><testcase classname="tests.e2e.test_u13_registration_corrective" name="test_25_redis_unavailable" time="1.138" /><testcase classname="tests.e2e.test_u13_registration_corrective" name="test_26_rate_limit_positive" time="1.872" /><testcase classname="tests.e2e.test_u13_registration_corrective" name="test_27_rate_limit_negative" time="1.114" /><testcase classname="tests.e2e.test_u13_registration_corrective" name="test_28_restart_persistence" time="3.580" /><testcase classname="tests.e2e.test_u13_registration_corrective" name="test_29_used_invite_persistence" time="2.242" /><testcase classname="tests.e2e.test_u13_registration_corrective" name="test_30_own_token_list_revoke" time="1.508" /><testcase classname="tests.e2e.test_u13_registration_corrective" name="test_31_foreign_token_list_revoke_denial" time="2.737" /><testcase classname="tests.e2e.test_u13_registration_corrective" name="test_32_unowned_token_revoke_denial" time="2.713" /></testsuite></testsuites>