<?xml version="1.0" encoding="utf-8"?><testsuites name="pytest tests"><testsuite name="pytest" errors="0" failures="4" skipped="0" tests="28" time="303.676" timestamp="2026-07-26T05:50:50.048130+03:00" hostname="330133.fornex.cloud"><testcase classname="tests.e2e.test_u13_complete_webui.TestChat" name="test_chat_model_a[Internet-https://fb1.spb.ru:443-chromium]" time="8.071" /><testcase classname="tests.e2e.test_u13_complete_webui.TestChat" name="test_chat_model_a[Internet-https://fb1.spb.ru:443-firefox]" time="8.841" /><testcase classname="tests.e2e.test_u13_complete_webui.TestChat" name="test_chat_model_a[Test Zone-http://10.129.13.78:30080-chromium]" time="2.564" /><testcase classname="tests.e2e.test_u13_complete_webui.TestChat" name="test_chat_model_a[Test Zone-http://10.129.13.78:30080-firefox]" time="3.817" /><testcase classname="tests.e2e.test_u13_complete_webui.TestChat" name="test_chat_model_b[Internet-https://fb1.spb.ru:443-chromium]" time="7.764" /><testcase classname="tests.e2e.test_u13_complete_webui.TestChat" name="test_chat_model_b[Internet-https://fb1.spb.ru:443-firefox]" time="8.812" /><testcase classname="tests.e2e.test_u13_complete_webui.TestChat" name="test_chat_model_b[Test Zone-http://10.129.13.78:30080-chromium]" time="2.557" /><testcase classname="tests.e2e.test_u13_complete_webui.TestChat" name="test_chat_model_b[Test Zone-http://10.129.13.78:30080-firefox]" time="3.748" /><testcase classname="tests.e2e.test_u13_complete_webui.TestChat" name="test_model_switch[Internet-https://fb1.spb.ru:443-chromium]" time="17.922"><failure message="AssertionError: Locator expected to be visible&#10;Actual value: None&#10;Error: strict mode violation: locator(&quot;.chat-msg.assistant&quot;) resolved to 2 elements:&#10;    1) &lt;div class=&quot;chat-msg assistant&quot;&gt;…&lt;/div&gt; aka get_by_text(&quot;🤖 qwen-14bHello! How can I&quot;)&#10;    2) &lt;div class=&quot;chat-msg assistant&quot;&gt;…&lt;/div&gt; aka get_by_text(&quot;🤖 qwen-32b-base⏳ Генерация ответа...📋 Копировать&quot;)&#10; &#10;Call log:&#10;  - Expect &quot;to_be_visible&quot; with timeout 180000ms&#10;  - waiting for locator(&quot;.chat-msg.assistant&quot;)">tests/e2e/test_u13_complete_webui.py:154: in test_model_switch
    expect(page.locator(".chat-msg.assistant")).to_be_visible(timeout=180000)
E   AssertionError: Locator expected to be visible
E   Actual value: None
E   Error: strict mode violation: locator(".chat-msg.assistant") resolved to 2 elements:
E       1) &lt;div class="chat-msg assistant"&gt;…&lt;/div&gt; aka get_by_text("🤖 qwen-14bHello! How can I")
E       2) &lt;div class="chat-msg assistant"&gt;…&lt;/div&gt; aka get_by_text("🤖 qwen-32b-base⏳ Генерация ответа...📋 Копировать")
E    
E   Call log:
E     - Expect "to_be_visible" with timeout 180000ms
E     - waiting for locator(".chat-msg.assistant")</failure></testcase><testcase classname="tests.e2e.test_u13_complete_webui.TestChat" name="test_model_switch[Internet-https://fb1.spb.ru:443-firefox]" time="19.002"><failure message="AssertionError: Locator expected to be visible&#10;Actual value: None&#10;Error: strict mode violation: locator(&quot;.chat-msg.assistant&quot;) resolved to 2 elements:&#10;    1) &lt;div class=&quot;chat-msg assistant&quot;&gt;…&lt;/div&gt; aka get_by_text(&quot;🤖 qwen-14bHello! How can I&quot;)&#10;    2) &lt;div class=&quot;chat-msg assistant&quot;&gt;…&lt;/div&gt; aka get_by_text(&quot;🤖 qwen-32b-base⏳ Генерация ответа...📋 Копировать&quot;)&#10; &#10;Call log:&#10;  - Expect &quot;to_be_visible&quot; with timeout 180000ms&#10;  - waiting for locator(&quot;.chat-msg.assistant&quot;)">tests/e2e/test_u13_complete_webui.py:154: in test_model_switch
    expect(page.locator(".chat-msg.assistant")).to_be_visible(timeout=180000)
E   AssertionError: Locator expected to be visible
E   Actual value: None
E   Error: strict mode violation: locator(".chat-msg.assistant") resolved to 2 elements:
E       1) &lt;div class="chat-msg assistant"&gt;…&lt;/div&gt; aka get_by_text("🤖 qwen-14bHello! How can I")
E       2) &lt;div class="chat-msg assistant"&gt;…&lt;/div&gt; aka get_by_text("🤖 qwen-32b-base⏳ Генерация ответа...📋 Копировать")
E    
E   Call log:
E     - Expect "to_be_visible" with timeout 180000ms
E     - waiting for locator(".chat-msg.assistant")</failure></testcase><testcase classname="tests.e2e.test_u13_complete_webui.TestChat" name="test_model_switch[Test Zone-http://10.129.13.78:30080-chromium]" time="12.797"><failure message="AssertionError: Locator expected to be visible&#10;Actual value: None&#10;Error: strict mode violation: locator(&quot;.chat-msg.assistant&quot;) resolved to 2 elements:&#10;    1) &lt;div class=&quot;chat-msg assistant&quot;&gt;…&lt;/div&gt; aka get_by_text(&quot;🤖 qwen-14bHello! How can I&quot;)&#10;    2) &lt;div class=&quot;chat-msg assistant&quot;&gt;…&lt;/div&gt; aka get_by_text(&quot;🤖 qwen-32b-base⏳ Генерация ответа...📋 Копировать&quot;)&#10; &#10;Call log:&#10;  - Expect &quot;to_be_visible&quot; with timeout 180000ms&#10;  - waiting for locator(&quot;.chat-msg.assistant&quot;)">tests/e2e/test_u13_complete_webui.py:154: in test_model_switch
    expect(page.locator(".chat-msg.assistant")).to_be_visible(timeout=180000)
E   AssertionError: Locator expected to be visible
E   Actual value: None
E   Error: strict mode violation: locator(".chat-msg.assistant") resolved to 2 elements:
E       1) &lt;div class="chat-msg assistant"&gt;…&lt;/div&gt; aka get_by_text("🤖 qwen-14bHello! How can I")
E       2) &lt;div class="chat-msg assistant"&gt;…&lt;/div&gt; aka get_by_text("🤖 qwen-32b-base⏳ Генерация ответа...📋 Копировать")
E    
E   Call log:
E     - Expect "to_be_visible" with timeout 180000ms
E     - waiting for locator(".chat-msg.assistant")</failure></testcase><testcase classname="tests.e2e.test_u13_complete_webui.TestChat" name="test_model_switch[Test Zone-http://10.129.13.78:30080-firefox]" time="13.853"><failure message="AssertionError: Locator expected to be visible&#10;Actual value: None&#10;Error: strict mode violation: locator(&quot;.chat-msg.assistant&quot;) resolved to 2 elements:&#10;    1) &lt;div class=&quot;chat-msg assistant&quot;&gt;…&lt;/div&gt; aka get_by_text(&quot;🤖 qwen-14bHello! How can I&quot;)&#10;    2) &lt;div class=&quot;chat-msg assistant&quot;&gt;…&lt;/div&gt; aka get_by_text(&quot;🤖 qwen-32b-base⏳ Генерация ответа...📋 Копировать&quot;)&#10; &#10;Call log:&#10;  - Expect &quot;to_be_visible&quot; with timeout 180000ms&#10;  - waiting for locator(&quot;.chat-msg.assistant&quot;)">tests/e2e/test_u13_complete_webui.py:154: in test_model_switch
    expect(page.locator(".chat-msg.assistant")).to_be_visible(timeout=180000)
E   AssertionError: Locator expected to be visible
E   Actual value: None
E   Error: strict mode violation: locator(".chat-msg.assistant") resolved to 2 elements:
E       1) &lt;div class="chat-msg assistant"&gt;…&lt;/div&gt; aka get_by_text("🤖 qwen-14bHello! How can I")
E       2) &lt;div class="chat-msg assistant"&gt;…&lt;/div&gt; aka get_by_text("🤖 qwen-32b-base⏳ Генерация ответа...📋 Копировать")
E    
E   Call log:
E     - Expect "to_be_visible" with timeout 180000ms
E     - waiting for locator(".chat-msg.assistant")</failure></testcase><testcase classname="tests.e2e.test_u13_complete_webui.TestApiKeys" name="test_key_a_creation[Internet-https://fb1.spb.ru:443]" time="26.773" /><testcase classname="tests.e2e.test_u13_complete_webui.TestApiKeys" name="test_key_a_creation[Test Zone-http://10.129.13.78:30080]" time="6.866" /><testcase classname="tests.e2e.test_u13_complete_webui.TestApiKeys" name="test_key_b_creation[Internet-https://fb1.spb.ru:443]" time="24.030" /><testcase classname="tests.e2e.test_u13_complete_webui.TestApiKeys" name="test_key_b_creation[Test Zone-http://10.129.13.78:30080]" time="3.947" /><testcase classname="tests.e2e.test_u13_complete_webui.TestApiKeys" name="test_one_time_secret" time="21.891" /><testcase classname="tests.e2e.test_u13_complete_webui.TestApiKeys" name="test_revoke_denial" time="24.007" /><testcase classname="tests.e2e.test_u13_complete_webui.TestAgent" name="test_agent_model_a[Internet-https://fb1.spb.ru:443]" time="22.714" /><testcase classname="tests.e2e.test_u13_complete_webui.TestAgent" name="test_agent_model_a[Test Zone-http://10.129.13.78:30080]" time="2.590" /><testcase classname="tests.e2e.test_u13_complete_webui.TestAgent" name="test_agent_model_b[Internet-https://fb1.spb.ru:443]" time="20.876" /><testcase classname="tests.e2e.test_u13_complete_webui.TestAgent" name="test_agent_model_b[Test Zone-http://10.129.13.78:30080]" time="0.765" /><testcase classname="tests.e2e.test_u13_complete_webui.TestAgent" name="test_agent_revoked_denial[Internet-https://fb1.spb.ru:443]" time="20.592" /><testcase classname="tests.e2e.test_u13_complete_webui.TestAgent" name="test_agent_revoked_denial[Test Zone-http://10.129.13.78:30080]" time="0.473" /><testcase classname="tests.e2e.test_u13_complete_webui.TestUISanity" name="test_agent_page_accessible[Internet-https://fb1.spb.ru:443]" time="7.674" /><testcase classname="tests.e2e.test_u13_complete_webui.TestUISanity" name="test_agent_page_accessible[Test Zone-http://10.129.13.78:30080]" time="2.621" /><testcase classname="tests.e2e.test_u13_complete_webui.TestUISanity" name="test_dashboard_populated[Internet-https://fb1.spb.ru:443]" time="6.602" /><testcase classname="tests.e2e.test_u13_complete_webui.TestUISanity" name="test_dashboard_populated[Test Zone-http://10.129.13.78:30080]" time="1.431" /></testsuite></testsuites>